<?xml version="1.0" encoding="UTF-8"?>
<!-- Generated by org.testng.reporters.JUnitXMLReporter -->
<testsuite hostname="DESKTOP-C5HHGRT" ignored="0" name="Default test" tests="5" failures="0" timestamp="2020-03-31T12:14:56 EDT" time="34.479" errors="0">
  <testcase name="@BeforeMethod setup" time="16.134" classname="com.qa.guru99.tests.MobileTest">
    <failure type="org.openqa.selenium.SessionNotCreatedException" message="session not created
from chrome not reachable
  (Session info: chrome=80.0.3987.149)
Build info: version: &amp;apos;4.0.0-alpha-4&amp;apos;, revision: &amp;apos;c2d955b49e&amp;apos;
System info: host: &amp;apos;DESKTOP-C5HHGRT&amp;apos;, ip: &amp;apos;192.168.0.14&amp;apos;, os.name: &amp;apos;Windows 10&amp;apos;, os.arch: &amp;apos;amd64&amp;apos;, os.version: &amp;apos;10.0&amp;apos;, java.version: &amp;apos;1.8.0_241&amp;apos;
Driver info: driver.version: ChromeDriver
remote stacktrace: Backtrace:
	Ordinal0 [0x00CAA113+1548563]
	Ordinal0 [0x00C2DDA1+1039777]
	Ordinal0 [0x00BAE32E+516910]
	Ordinal0 [0x00BA8012+491538]
	Ordinal0 [0x00BA86EB+493291]
	Ordinal0 [0x00BA9855+497749]
	Ordinal0 [0x00BA5885+481413]
	Ordinal0 [0x00BAF0D0+520400]
	Ordinal0 [0x00B5C030+180272]
	Ordinal0 [0x00B5B59D+177565]
	Ordinal0 [0x00B595FB+169467]
	Ordinal0 [0x00B4160A+71178]
	Ordinal0 [0x00B42690+75408]
	Ordinal0 [0x00B42629+75305]
	Ordinal0 [0x00C471B7+1143223]
	GetHandleVerifier [0x00D42B46+507814]
	GetHandleVerifier [0x00D42864+507076]
	GetHandleVerifier [0x00D49F47+537511]
	GetHandleVerifier [0x00D43402+510050]
	Ordinal0 [0x00C3F29C+1110684]
	Ordinal0 [0x00C4938B+1151883]
	Ordinal0 [0x00C494F3+1152243]
	Ordinal0 [0x00C483F5+1147893]
	BaseThreadInitThunk [0x770A6359+25]
	RtlGetAppContainerNamedObjectPath [0x77DB7B74+228]
	RtlGetAppContainerNamedObjectPath [0x77DB7B44+180]
">
      <![CDATA[org.openqa.selenium.SessionNotCreatedException: session not created
from chrome not reachable
  (Session info: chrome=80.0.3987.149)
Build info: version: '4.0.0-alpha-4', revision: 'c2d955b49e'
System info: host: 'DESKTOP-C5HHGRT', ip: '192.168.0.14', os.name: 'Windows 10', os.arch: 'amd64', os.version: '10.0', java.version: '1.8.0_241'
Driver info: driver.version: ChromeDriver
remote stacktrace: Backtrace:
Ordinal0 [0x00CAA113+1548563]
Ordinal0 [0x00C2DDA1+1039777]
Ordinal0 [0x00BAE32E+516910]
Ordinal0 [0x00BA8012+491538]
Ordinal0 [0x00BA86EB+493291]
Ordinal0 [0x00BA9855+497749]
Ordinal0 [0x00BA5885+481413]
Ordinal0 [0x00BAF0D0+520400]
Ordinal0 [0x00B5C030+180272]
Ordinal0 [0x00B5B59D+177565]
Ordinal0 [0x00B595FB+169467]
Ordinal0 [0x00B4160A+71178]
Ordinal0 [0x00B42690+75408]
Ordinal0 [0x00B42629+75305]
Ordinal0 [0x00C471B7+1143223]
GetHandleVerifier [0x00D42B46+507814]
GetHandleVerifier [0x00D42864+507076]
GetHandleVerifier [0x00D49F47+537511]
GetHandleVerifier [0x00D43402+510050]
Ordinal0 [0x00C3F29C+1110684]
Ordinal0 [0x00C4938B+1151883]
Ordinal0 [0x00C494F3+1152243]
Ordinal0 [0x00C483F5+1147893]
BaseThreadInitThunk [0x770A6359+25]
RtlGetAppContainerNamedObjectPath [0x77DB7B74+228]
RtlGetAppContainerNamedObjectPath [0x77DB7B44+180]

at sun.reflect.NativeConstructorAccessorImpl.newInstance0(Native Method)
at sun.reflect.NativeConstructorAccessorImpl.newInstance(NativeConstructorAccessorImpl.java:62)
at sun.reflect.DelegatingConstructorAccessorImpl.newInstance(DelegatingConstructorAccessorImpl.java:45)
at java.lang.reflect.Constructor.newInstance(Constructor.java:423)
at org.openqa.selenium.remote.W3CHandshakeResponse.lambda$errorHandler$0(W3CHandshakeResponse.java:62)
at org.openqa.selenium.remote.HandshakeResponse.lambda$getResponseFunction$0(HandshakeResponse.java:30)
at org.openqa.selenium.remote.ProtocolHandshake.lambda$createSession$1(ProtocolHandshake.java:126)
at java.util.stream.ReferencePipeline$3$1.accept(ReferencePipeline.java:193)
at java.util.Spliterators$ArraySpliterator.tryAdvance(Spliterators.java:958)
at java.util.stream.ReferencePipeline.forEachWithCancel(ReferencePipeline.java:126)
at java.util.stream.AbstractPipeline.copyIntoWithCancel(AbstractPipeline.java:499)
at java.util.stream.AbstractPipeline.copyInto(AbstractPipeline.java:486)
at java.util.stream.AbstractPipeline.wrapAndCopyInto(AbstractPipeline.java:472)
at java.util.stream.FindOps$FindOp.evaluateSequential(FindOps.java:152)
at java.util.stream.AbstractPipeline.evaluate(AbstractPipeline.java:234)
at java.util.stream.ReferencePipeline.findFirst(ReferencePipeline.java:464)
at org.openqa.selenium.remote.ProtocolHandshake.createSession(ProtocolHandshake.java:128)
at org.openqa.selenium.remote.ProtocolHandshake.createSession(ProtocolHandshake.java:75)
at org.openqa.selenium.remote.HttpCommandExecutor.execute(HttpCommandExecutor.java:139)
at org.openqa.selenium.remote.service.DriverCommandExecutor.execute(DriverCommandExecutor.java:83)
at org.openqa.selenium.remote.RemoteWebDriver.execute(RemoteWebDriver.java:582)
at org.openqa.selenium.remote.RemoteWebDriver.startSession(RemoteWebDriver.java:216)
at org.openqa.selenium.remote.RemoteWebDriver.<init>(RemoteWebDriver.java:136)
at org.openqa.selenium.chromium.ChromiumDriver.<init>(ChromiumDriver.java:75)
at org.openqa.selenium.chrome.ChromeDriver.<init>(ChromeDriver.java:163)
at org.openqa.selenium.chrome.ChromeDriver.<init>(ChromeDriver.java:150)
at org.openqa.selenium.chrome.ChromeDriver.<init>(ChromeDriver.java:105)
at com.qa.guru99.base.Guru99Base.initialization(Guru99Base.java:26)
at com.qa.guru99.tests.MobileTest.setup(MobileTest.java:21)
at sun.reflect.NativeMethodAccessorImpl.invoke0(Native Method)
at sun.reflect.NativeMethodAccessorImpl.invoke(NativeMethodAccessorImpl.java:62)
at sun.reflect.DelegatingMethodAccessorImpl.invoke(DelegatingMethodAccessorImpl.java:43)
at java.lang.reflect.Method.invoke(Method.java:498)
at org.testng.internal.MethodInvocationHelper.invokeMethod(MethodInvocationHelper.java:134)
at org.testng.internal.MethodInvocationHelper.invokeMethodConsideringTimeout(MethodInvocationHelper.java:63)
at org.testng.internal.ConfigInvoker.invokeConfigurationMethod(ConfigInvoker.java:348)
at org.testng.internal.ConfigInvoker.invokeConfigurations(ConfigInvoker.java:302)
at org.testng.internal.TestInvoker.runConfigMethods(TestInvoker.java:695)
at org.testng.internal.TestInvoker.invokeMethod(TestInvoker.java:523)
at org.testng.internal.TestInvoker.invokeTestMethod(TestInvoker.java:173)
at org.testng.internal.MethodRunner.runInSequence(MethodRunner.java:46)
at org.testng.internal.TestInvoker$MethodInvocationAgent.invoke(TestInvoker.java:816)
at org.testng.internal.TestInvoker.invokeTestMethods(TestInvoker.java:146)
at org.testng.internal.TestMethodWorker.invokeTestMethods(TestMethodWorker.java:146)
at org.testng.internal.TestMethodWorker.run(TestMethodWorker.java:128)
at java.util.ArrayList.forEach(ArrayList.java:1257)
at org.testng.TestRunner.privateRun(TestRunner.java:766)
at org.testng.TestRunner.run(TestRunner.java:587)
at org.testng.SuiteRunner.runTest(SuiteRunner.java:384)
at org.testng.SuiteRunner.runSequentially(SuiteRunner.java:378)
at org.testng.SuiteRunner.privateRun(SuiteRunner.java:337)
at org.testng.SuiteRunner.run(SuiteRunner.java:286)
at org.testng.SuiteRunnerWorker.runSuite(SuiteRunnerWorker.java:53)
at org.testng.SuiteRunnerWorker.run(SuiteRunnerWorker.java:96)
at org.testng.TestNG.runSuitesSequentially(TestNG.java:1187)
at org.testng.TestNG.runSuitesLocally(TestNG.java:1109)
at org.testng.TestNG.runSuites(TestNG.java:1039)
at org.testng.TestNG.run(TestNG.java:1007)
at org.testng.remote.AbstractRemoteTestNG.run(AbstractRemoteTestNG.java:115)
at org.testng.remote.RemoteTestNG.initAndRun(RemoteTestNG.java:251)
at org.testng.remote.RemoteTestNG.main(RemoteTestNG.java:77)
]]>
    </failure>
  </testcase> <!-- @BeforeMethod setup -->
  <testcase name="@AfterMethod teardown" time="-1.585671296399E9" classname="com.qa.guru99.tests.MobileTest">
    <skipped/>
  </testcase> <!-- @AfterMethod teardown -->
  <testcase name="@BeforeMethod setup" time="-1.585671296403E9" classname="com.qa.guru99.tests.MobileTest">
    <skipped/>
  </testcase> <!-- @BeforeMethod setup -->
  <testcase name="@AfterMethod teardown" time="-1.585671296438E9" classname="com.qa.guru99.tests.MobileTest">
    <skipped/>
  </testcase> <!-- @AfterMethod teardown -->
  <testcase name="@BeforeMethod setup" time="-1.585671296442E9" classname="com.qa.guru99.tests.MobileTest">
    <skipped/>
  </testcase> <!-- @BeforeMethod setup -->
  <testcase name="@AfterMethod teardown" time="-1.585671296465E9" classname="com.qa.guru99.tests.MobileTest">
    <skipped/>
  </testcase> <!-- @AfterMethod teardown -->
  <testcase name="@BeforeMethod setup" time="-1.585671296477E9" classname="com.qa.guru99.tests.MobileTest">
    <skipped/>
  </testcase> <!-- @BeforeMethod setup -->
  <testcase name="@AfterMethod teardown" time="-1.58567129651E9" classname="com.qa.guru99.tests.MobileTest">
    <skipped/>
  </testcase> <!-- @AfterMethod teardown -->
  <testcase name="sonyprice" time="2.395" classname="com.qa.guru99.tests.MobileTest"/>
  <testcase name="mobiletitle" time="0.0" classname="com.qa.guru99.tests.MobileTest">
    <skipped/>
  </testcase> <!-- mobiletitle -->
  <testcase name="Shortname" time="0.0" classname="com.qa.guru99.tests.MobileTest">
    <skipped/>
  </testcase> <!-- Shortname -->
  <testcase name="Shortposition" time="0.0" classname="com.qa.guru99.tests.MobileTest">
    <skipped/>
  </testcase> <!-- Shortposition -->
  <testcase name="Shortprice" time="0.0" classname="com.qa.guru99.tests.MobileTest">
    <skipped/>
  </testcase> <!-- Shortprice -->
</testsuite> <!-- Default test -->
